#
# A fatal error has been detected by the Java Runtime Environment:
#
#  SIGSEGV (0xb) at pc=0x0000000105149e04, pid=13772, tid=37379
#
# JRE version: OpenJDK Runtime Environment Zulu15.38+17-CA (15.0.6+5) (build 15.0.6+5-MTS)
# Java VM: OpenJDK 64-Bit Server VM Zulu15.38+17-CA (15.0.6+5-MTS, mixed mode, tiered, compressed oops, g1 gc, bsd-aarch64)
# Problematic frame:
# C  [python3.9+0x1e5e04]  collect+0x1fc
#
# No core dump will be written. Core dumps have been disabled. To enable core dumping, try "ulimit -c unlimited" before starting Java again
#
# If you would like to submit a bug report, please visit:
#   http://www.azul.com/support/
# The crash happened outside the Java Virtual Machine in native code.
# See problematic frame for where to report the bug.
#

---------------  S U M M A R Y ------------

Command Line: -Dfile.encoding=UTF8 -ea -Xmx1024m 

Host: MacBookAir10,1 arm64 1 MHz, 8 cores, 8G, Darwin 21.3.0
Time: Fri May  6 11:31:24 2022 KST elapsed time: 0.133228 seconds (0d 0h 0m 0s)

---------------  T H R E A D  ---------------

Current thread (0x0000000127ca9000):  JavaThread "Python Reference Queue" daemon [_thread_in_native, id=37379, stack(0x0000000293270000,0x0000000293473000)]

Stack: [0x0000000293270000,0x0000000293473000],  sp=0x0000000293472750,  free space=2057k
Native frames: (J=compiled Java code, A=aot compiled Java code, j=interpreted, Vv=VM code, C=native code)
C  [python3.9+0x1e5e04]  collect+0x1fc
C  [python3.9+0x1e7278]  PyGC_Collect+0x9c
C  [_jpype.cpython-39-darwin.so+0x1cf30]  _ZN19JPGarbageCollection9triggeredEv+0x38
C  [_jpype.cpython-39-darwin.so+0x2954c]  Java_org_jpype_ref_JPypeReferenceNative_wake+0x1c
j  org.jpype.ref.JPypeReferenceNative.wake()V+0
j  org.jpype.ref.JPypeReferenceQueue$Worker.run()V+42
j  java.lang.Thread.run()V+11 java.base@15.0.6
v  ~StubRoutines::call_stub
V  [libjvm.dylib+0x3df5e4]  _ZN9JavaCalls11call_helperEP9JavaValueRK12methodHandleP17JavaCallArgumentsP6Thread+0x324
V  [libjvm.dylib+0x3de6bc]  _ZN9JavaCalls12call_virtualEP9JavaValueP5KlassP6SymbolS5_P17JavaCallArgumentsP6Thread+0xf8
V  [libjvm.dylib+0x3de784]  _ZN9JavaCalls12call_virtualEP9JavaValue6HandleP5KlassP6SymbolS6_P6Thread+0x64
V  [libjvm.dylib+0x48deb4]  _ZL12thread_entryP10JavaThreadP6Thread+0xbc
V  [libjvm.dylib+0x8c3880]  _ZN10JavaThread17thread_main_innerEv+0xa0
V  [libjvm.dylib+0x8c0d7c]  _ZN6Thread8call_runEv+0x88
V  [libjvm.dylib+0x710d84]  _ZL19thread_native_entryP6Thread+0x1d0
C  [libsystem_pthread.dylib+0x7240]  _pthread_start+0x94

Java frames: (J=compiled Java code, j=interpreted, Vv=VM code)
j  org.jpype.ref.JPypeReferenceNative.wake()V+0
j  org.jpype.ref.JPypeReferenceQueue$Worker.run()V+42
j  java.lang.Thread.run()V+11 java.base@15.0.6
v  ~StubRoutines::call_stub

siginfo: si_signo: 11 (SIGSEGV), si_code: 2 (SEGV_ACCERR), si_addr: 0x0000000168e9ed28

Register to memory mapping:

 x0=0x0000000000000002 is an unknown value
 x1=0x0000000000000002 is an unknown value
 x2=0x00000002934728c0 is pointing into the stack for thread: 0x0000000127ca9000
 x3=0x00000002934728b8 is pointing into the stack for thread: 0x0000000127ca9000
 x4=0x0 is NULL
 x5=0x0 is NULL
 x6=0x0000000000000001 is an unknown value
 x7=0x00000000004c4b40 is an unknown value
 x8=